
> demo-project@0.0.0 lint D:\Narasimha\Angular\angular8-master-demo
> ng lint

Linting "demo-project"...

ERROR: D:/Narasimha/Angular/angular8-master-demo/src/app/app.component.ts:10:5 - comment must start with a space
ERROR: D:/Narasimha/Angular/angular8-master-demo/src/app/app.component.ts:11:11 - " should be '
ERROR: D:/Narasimha/Angular/angular8-master-demo/src/app/app.component.ts:13:14 - missing whitespace
ERROR: D:/Narasimha/Angular/angular8-master-demo/src/app/app.component.ts:13:15 - " should be '
ERROR: D:/Narasimha/Angular/angular8-master-demo/src/app/app.component.ts:13:15 - missing whitespace
ERROR: D:/Narasimha/Angular/angular8-master-demo/src/app/child/child.component.ts:11:25 - expected onespace after colon in property-declaration
ERROR: D:/Narasimha/Angular/angular8-master-demo/src/app/child/child.component.ts:11:25 - missing whitespace

Linting "forms-demo"...

ERROR: D:/Narasimha/Angular/angular8-master-demo/projects/forms-demo/src/app/template-driven/template-driven.component.ts:10:13 - Don't use 'String' as a type. Avoid using the `String` type. Did you mean `string`?
ERROR: D:/Narasimha/Angular/angular8-master-demo/projects/forms-demo/src/app/template-driven/template-driven.component.ts:11:13 - Don't use 'String' as a type. Avoid using the `String` type. Did you mean `string`?

Linting "routing-demos"...

ERROR: D:/Narasimha/Angular/angular8-master-demo/projects/routing-demos/src/app/app-routing.module.ts:20:46 - trailing whitespace
ERROR: D:/Narasimha/Angular/angular8-master-demo/projects/routing-demos/src/app/error-page/error-page.component.ts:15:50 - object access via string literals is disallowed
ERROR: D:/Narasimha/Angular/angular8-master-demo/projects/routing-demos/src/app/error-page/error-page.component.ts:18:34 - object access via string literals is disallowed
ERROR: D:/Narasimha/Angular/angular8-master-demo/projects/routing-demos/src/app/servers/edit-server/can-deactivate-guard.service.ts:14:5 - parameters are not aligned
ERROR: D:/Narasimha/Angular/angular8-master-demo/projects/routing-demos/src/app/servers/edit-server/can-deactivate-guard.service.ts:15:5 - parameters are not aligned
ERROR: D:/Narasimha/Angular/angular8-master-demo/projects/routing-demos/src/app/servers/edit-server/can-deactivate-guard.service.ts:16:5 - parameters are not aligned
ERROR: D:/Narasimha/Angular/angular8-master-demo/projects/routing-demos/src/app/servers/edit-server/edit-server.component.ts:21:5 - parameters are not aligned
ERROR: D:/Narasimha/Angular/angular8-master-demo/projects/routing-demos/src/app/servers/edit-server/edit-server.component.ts:22:5 - parameters are not aligned
ERROR: D:/Narasimha/Angular/angular8-master-demo/projects/routing-demos/src/app/servers/edit-server/edit-server.component.ts:29:38 - object access via string literals is disallowed
ERROR: D:/Narasimha/Angular/angular8-master-demo/projects/routing-demos/src/app/servers/edit-server/edit-server.component.ts:33:43 - object access via string literals is disallowed
ERROR: D:/Narasimha/Angular/angular8-master-demo/projects/routing-demos/src/app/servers/server/server-resolver.service.ts:18:56 - object access via string literals is disallowed
ERROR: D:/Narasimha/Angular/angular8-master-demo/projects/routing-demos/src/app/servers/server/server.component.ts:21:28 - object access via string literals is disallowed
ERROR: D:/Narasimha/Angular/angular8-master-demo/projects/routing-demos/src/app/users/user/user.component.ts:18:7 - comment must start with a space
ERROR: D:/Narasimha/Angular/angular8-master-demo/projects/routing-demos/src/app/users/user/user.component.ts:20:38 - object access via string literals is disallowed
ERROR: D:/Narasimha/Angular/angular8-master-demo/projects/routing-demos/src/app/users/user/user.component.ts:21:40 - object access via string literals is disallowed
ERROR: D:/Narasimha/Angular/angular8-master-demo/projects/routing-demos/src/app/users/user/user.component.ts:23:7 - comment must start with a space

Linting "httpclient-demo"...
All files pass linting.
